<?xml version="1.0" encoding="UTF-8"?>
<!-- Generated by org.testng.reporters.JUnitXMLReporter -->
<testsuite hostname="Afrinas-MBP.fios-router.home" ignored="0" name="Practice Basic Test Cases " tests="18" failures="2" timestamp="26 Nov 2019 02:41:19 GMT" time="9.64" errors="0">
  <testcase name="test" time="0.006" classname="practicepurpose.ExceptionTimeOutTest"/>
  <testcase name="googleTestlogo" time="0.046" classname="practicepurpose.GoogleTest"/>
  <testcase name="googletitleTest" time="0.006" classname="practicepurpose.GoogleTest"/>
  <testcase name="maillinkTest" time="0.03" classname="practicepurpose.GoogleTest"/>
  <testcase name="googleTestlogo" time="0.03" classname="practicepurpose.GoogleTitleTest"/>
  <testcase name="googletitleTest" time="0.006" classname="practicepurpose.GoogleTitleTest">
    <failure type="java.lang.AssertionError" message="title is not matched expected [GGoogle] but found [Google]">
      <![CDATA[java.lang.AssertionError: title is not matched expected [GGoogle] but found [Google]
at practicepurpose.GoogleTitleTest.googletitleTest(GoogleTitleTest.java:33)
... Removed 30 stack frames]]>
    </failure>
  </testcase> <!-- googletitleTest -->
  <testcase name="sum" time="0.001" classname="practicepurpose.InvocationCountTest"/>
  <testcase name="sum" time="0.001" classname="practicepurpose.InvocationCountTest"/>
  <testcase name="sum" time="0.0" classname="practicepurpose.InvocationCountTest"/>
  <testcase name="sum" time="0.0" classname="practicepurpose.InvocationCountTest"/>
  <testcase name="sum" time="0.001" classname="practicepurpose.InvocationCountTest"/>
  <testcase name="sum" time="0.001" classname="practicepurpose.InvocationCountTest"/>
  <testcase name="sum" time="0.002" classname="practicepurpose.InvocationCountTest"/>
  <testcase name="sum" time="0.001" classname="practicepurpose.InvocationCountTest"/>
  <testcase name="sum" time="0.001" classname="practicepurpose.InvocationCountTest"/>
  <testcase name="sum" time="0.001" classname="practicepurpose.InvocationCountTest"/>
  <testcase name="loginTest" time="0.001" classname="practicepurpose.TestNGFeatures">
    <failure type="java.lang.ArithmeticException" message="/ by zero">
      <![CDATA[java.lang.ArithmeticException: / by zero
at practicepurpose.TestNGFeatures.loginTest(TestNGFeatures.java:10)
... Removed 25 stack frames]]>
    </failure>
  </testcase> <!-- loginTest -->
  <testcase name="HomePage" time="0.0" classname="practicepurpose.TestNGFeatures">
    <skipped/>
  </testcase> <!-- HomePage -->
</testsuite> <!-- Practice Basic Test Cases  -->
